{"/home/paraben/Documents/express-biztime/app.js": {"path":"/home/paraben/Documents/express-biztime/app.js","statementMap":{"0":{"start":{"line":4,"column":16},"end":{"line":4,"column":34}},"1":{"start":{"line":6,"column":12},"end":{"line":6,"column":21}},"2":{"start":{"line":7,"column":21},"end":{"line":7,"column":46}},"3":{"start":{"line":8,"column":24},"end":{"line":8,"column":53}},"4":{"start":{"line":9,"column":23},"end":{"line":9,"column":51}},"5":{"start":{"line":11,"column":0},"end":{"line":11,"column":24}},"6":{"start":{"line":12,"column":0},"end":{"line":12,"column":39}},"7":{"start":{"line":13,"column":0},"end":{"line":13,"column":37}},"8":{"start":{"line":17,"column":0},"end":{"line":20,"column":3}},"9":{"start":{"line":18,"column":14},"end":{"line":18,"column":48}},"10":{"start":{"line":19,"column":2},"end":{"line":19,"column":19}},"11":{"start":{"line":24,"column":0},"end":{"line":31,"column":3}},"12":{"start":{"line":25,"column":2},"end":{"line":25,"column":32}},"13":{"start":{"line":27,"column":2},"end":{"line":30,"column":5}},"14":{"start":{"line":34,"column":0},"end":{"line":34,"column":21}}},"fnMap":{"0":{"name":"(anonymous_0)","decl":{"start":{"line":17,"column":8},"end":{"line":17,"column":9}},"loc":{"start":{"line":17,"column":33},"end":{"line":20,"column":1}},"line":17},"1":{"name":"(anonymous_1)","decl":{"start":{"line":24,"column":8},"end":{"line":24,"column":9}},"loc":{"start":{"line":24,"column":33},"end":{"line":31,"column":1}},"line":24}},"branchMap":{"0":{"loc":{"start":{"line":25,"column":13},"end":{"line":25,"column":30}},"type":"binary-expr","locations":[{"start":{"line":25,"column":13},"end":{"line":25,"column":23}},{"start":{"line":25,"column":27},"end":{"line":25,"column":30}}],"line":25}},"s":{"0":1,"1":1,"2":1,"3":1,"4":1,"5":1,"6":1,"7":1,"8":1,"9":0,"10":0,"11":1,"12":1,"13":1,"14":1},"f":{"0":0,"1":1},"b":{"0":[1,0]},"_coverageSchema":"1a1c01bbd47fc00a2c39e90264f33305004495a9","hash":"10d6283e331d8d7d3385ed399c81a649656b29ac"}
,"/home/paraben/Documents/express-biztime/db.js": {"path":"/home/paraben/Documents/express-biztime/db.js","statementMap":{"0":{"start":{"line":3,"column":19},"end":{"line":3,"column":32}},"1":{"start":{"line":5,"column":15},"end":{"line":6,"column":56}},"2":{"start":{"line":8,"column":9},"end":{"line":14,"column":2}},"3":{"start":{"line":16,"column":0},"end":{"line":16,"column":13}},"4":{"start":{"line":18,"column":0},"end":{"line":18,"column":20}}},"fnMap":{},"branchMap":{"0":{"loc":{"start":{"line":5,"column":15},"end":{"line":6,"column":56}},"type":"cond-expr","locations":[{"start":{"line":6,"column":2},"end":{"line":6,"column":30}},{"start":{"line":6,"column":33},"end":{"line":6,"column":56}}],"line":5}},"s":{"0":1,"1":1,"2":1,"3":1,"4":1},"f":{},"b":{"0":[1,0]},"_coverageSchema":"1a1c01bbd47fc00a2c39e90264f33305004495a9","hash":"7a18d61b78c8d7b2e80a045c1ce9016dd5c04553"}
,"/home/paraben/Documents/express-biztime/expressError.js": {"path":"/home/paraben/Documents/express-biztime/expressError.js","statementMap":{"0":{"start":{"line":9,"column":4},"end":{"line":9,"column":12}},"1":{"start":{"line":10,"column":4},"end":{"line":10,"column":27}},"2":{"start":{"line":11,"column":4},"end":{"line":11,"column":25}},"3":{"start":{"line":12,"column":4},"end":{"line":12,"column":30}},"4":{"start":{"line":17,"column":0},"end":{"line":17,"column":30}}},"fnMap":{"0":{"name":"(anonymous_0)","decl":{"start":{"line":8,"column":2},"end":{"line":8,"column":3}},"loc":{"start":{"line":8,"column":31},"end":{"line":13,"column":3}},"line":8}},"branchMap":{},"s":{"0":1,"1":1,"2":1,"3":1,"4":1},"f":{"0":1},"b":{},"_coverageSchema":"1a1c01bbd47fc00a2c39e90264f33305004495a9","hash":"a53883a48d527cef6a18acc20901dbae8d653740"}
,"/home/paraben/Documents/express-biztime/routes/companies.js": {"path":"/home/paraben/Documents/express-biztime/routes/companies.js","statementMap":{"0":{"start":{"line":1,"column":16},"end":{"line":1,"column":34}},"1":{"start":{"line":2,"column":15},"end":{"line":2,"column":35}},"2":{"start":{"line":3,"column":11},"end":{"line":3,"column":27}},"3":{"start":{"line":4,"column":21},"end":{"line":4,"column":47}},"4":{"start":{"line":6,"column":0},"end":{"line":18,"column":3}},"5":{"start":{"line":7,"column":4},"end":{"line":17,"column":5}},"6":{"start":{"line":8,"column":24},"end":{"line":11,"column":9}},"7":{"start":{"line":13,"column":8},"end":{"line":13,"column":53}},"8":{"start":{"line":16,"column":8},"end":{"line":16,"column":25}},"9":{"start":{"line":20,"column":0},"end":{"line":50,"column":3}},"10":{"start":{"line":21,"column":15},"end":{"line":21,"column":30}},"11":{"start":{"line":22,"column":4},"end":{"line":49,"column":5}},"12":{"start":{"line":23,"column":28},"end":{"line":27,"column":9}},"13":{"start":{"line":29,"column":26},"end":{"line":33,"column":9}},"14":{"start":{"line":35,"column":8},"end":{"line":45,"column":9}},"15":{"start":{"line":36,"column":12},"end":{"line":36,"column":66}},"16":{"start":{"line":39,"column":28},"end":{"line":39,"column":47}},"17":{"start":{"line":40,"column":29},"end":{"line":40,"column":43}},"18":{"start":{"line":42,"column":12},"end":{"line":42,"column":59}},"19":{"start":{"line":42,"column":51},"end":{"line":42,"column":57}},"20":{"start":{"line":44,"column":12},"end":{"line":44,"column":50}},"21":{"start":{"line":48,"column":8},"end":{"line":48,"column":25}},"22":{"start":{"line":52,"column":0},"end":{"line":69,"column":3}},"23":{"start":{"line":53,"column":37},"end":{"line":53,"column":45}},"24":{"start":{"line":55,"column":4},"end":{"line":68,"column":5}},"25":{"start":{"line":56,"column":23},"end":{"line":62,"column":9}},"26":{"start":{"line":64,"column":8},"end":{"line":64,"column":65}},"27":{"start":{"line":67,"column":8},"end":{"line":67,"column":18}},"28":{"start":{"line":71,"column":0},"end":{"line":93,"column":3}},"29":{"start":{"line":72,"column":15},"end":{"line":72,"column":30}},"30":{"start":{"line":73,"column":32},"end":{"line":73,"column":40}},"31":{"start":{"line":75,"column":4},"end":{"line":92,"column":5}},"32":{"start":{"line":76,"column":23},"end":{"line":82,"column":9}},"33":{"start":{"line":83,"column":8},"end":{"line":88,"column":9}},"34":{"start":{"line":84,"column":12},"end":{"line":84,"column":66}},"35":{"start":{"line":87,"column":12},"end":{"line":87,"column":57}},"36":{"start":{"line":91,"column":8},"end":{"line":91,"column":18}},"37":{"start":{"line":95,"column":0},"end":{"line":115,"column":3}},"38":{"start":{"line":96,"column":15},"end":{"line":96,"column":30}},"39":{"start":{"line":98,"column":4},"end":{"line":114,"column":5}},"40":{"start":{"line":99,"column":21},"end":{"line":103,"column":9}},"41":{"start":{"line":105,"column":8},"end":{"line":110,"column":9}},"42":{"start":{"line":106,"column":12},"end":{"line":106,"column":66}},"43":{"start":{"line":109,"column":12},"end":{"line":109,"column":48}},"44":{"start":{"line":113,"column":8},"end":{"line":113,"column":18}},"45":{"start":{"line":117,"column":0},"end":{"line":117,"column":24}}},"fnMap":{"0":{"name":"(anonymous_0)","decl":{"start":{"line":6,"column":16},"end":{"line":6,"column":17}},"loc":{"start":{"line":6,"column":47},"end":{"line":18,"column":1}},"line":6},"1":{"name":"(anonymous_1)","decl":{"start":{"line":20,"column":21},"end":{"line":20,"column":22}},"loc":{"start":{"line":20,"column":52},"end":{"line":50,"column":1}},"line":20},"2":{"name":"(anonymous_2)","decl":{"start":{"line":42,"column":44},"end":{"line":42,"column":45}},"loc":{"start":{"line":42,"column":51},"end":{"line":42,"column":57}},"line":42},"3":{"name":"(anonymous_3)","decl":{"start":{"line":52,"column":17},"end":{"line":52,"column":18}},"loc":{"start":{"line":52,"column":48},"end":{"line":69,"column":1}},"line":52},"4":{"name":"(anonymous_4)","decl":{"start":{"line":71,"column":21},"end":{"line":71,"column":22}},"loc":{"start":{"line":71,"column":52},"end":{"line":93,"column":1}},"line":71},"5":{"name":"(anonymous_5)","decl":{"start":{"line":95,"column":24},"end":{"line":95,"column":25}},"loc":{"start":{"line":95,"column":57},"end":{"line":115,"column":1}},"line":95}},"branchMap":{"0":{"loc":{"start":{"line":35,"column":8},"end":{"line":45,"column":9}},"type":"if","locations":[{"start":{"line":35,"column":8},"end":{"line":45,"column":9}},{"start":{"line":38,"column":13},"end":{"line":45,"column":9}}],"line":35},"1":{"loc":{"start":{"line":83,"column":8},"end":{"line":88,"column":9}},"type":"if","locations":[{"start":{"line":83,"column":8},"end":{"line":88,"column":9}},{"start":{"line":86,"column":13},"end":{"line":88,"column":9}}],"line":83},"2":{"loc":{"start":{"line":105,"column":8},"end":{"line":110,"column":9}},"type":"if","locations":[{"start":{"line":105,"column":8},"end":{"line":110,"column":9}},{"start":{"line":108,"column":13},"end":{"line":110,"column":9}}],"line":105}},"s":{"0":1,"1":1,"2":1,"3":1,"4":1,"5":1,"6":1,"7":1,"8":0,"9":1,"10":1,"11":1,"12":1,"13":1,"14":1,"15":0,"16":1,"17":1,"18":1,"19":0,"20":1,"21":0,"22":1,"23":1,"24":1,"25":1,"26":1,"27":0,"28":1,"29":2,"30":2,"31":2,"32":2,"33":2,"34":1,"35":1,"36":1,"37":1,"38":1,"39":1,"40":1,"41":1,"42":0,"43":1,"44":0,"45":1},"f":{"0":1,"1":1,"2":0,"3":1,"4":2,"5":1},"b":{"0":[0,1],"1":[1,1],"2":[0,1]},"_coverageSchema":"1a1c01bbd47fc00a2c39e90264f33305004495a9","hash":"eba3d5875681199b48dd91288d6bef58bc2e6802"}
,"/home/paraben/Documents/express-biztime/routes/invoices.js": {"path":"/home/paraben/Documents/express-biztime/routes/invoices.js","statementMap":{"0":{"start":{"line":1,"column":16},"end":{"line":1,"column":34}},"1":{"start":{"line":2,"column":15},"end":{"line":2,"column":35}},"2":{"start":{"line":3,"column":11},"end":{"line":3,"column":27}},"3":{"start":{"line":4,"column":21},"end":{"line":4,"column":47}},"4":{"start":{"line":6,"column":0},"end":{"line":19,"column":3}},"5":{"start":{"line":7,"column":4},"end":{"line":18,"column":5}},"6":{"start":{"line":8,"column":8},"end":{"line":12,"column":10}},"7":{"start":{"line":14,"column":8},"end":{"line":14,"column":52}},"8":{"start":{"line":17,"column":8},"end":{"line":17,"column":18}},"9":{"start":{"line":21,"column":0},"end":{"line":57,"column":3}},"10":{"start":{"line":22,"column":13},"end":{"line":22,"column":26}},"11":{"start":{"line":24,"column":4},"end":{"line":56,"column":5}},"12":{"start":{"line":25,"column":21},"end":{"line":31,"column":9}},"13":{"start":{"line":33,"column":8},"end":{"line":52,"column":9}},"14":{"start":{"line":34,"column":12},"end":{"line":34,"column":61}},"15":{"start":{"line":37,"column":23},"end":{"line":37,"column":37}},"16":{"start":{"line":38,"column":26},"end":{"line":49,"column":13}},"17":{"start":{"line":51,"column":12},"end":{"line":51,"column":50}},"18":{"start":{"line":55,"column":8},"end":{"line":55,"column":18}},"19":{"start":{"line":59,"column":0},"end":{"line":76,"column":3}},"20":{"start":{"line":60,"column":29},"end":{"line":60,"column":37}},"21":{"start":{"line":62,"column":4},"end":{"line":75,"column":5}},"22":{"start":{"line":63,"column":21},"end":{"line":69,"column":9}},"23":{"start":{"line":71,"column":8},"end":{"line":71,"column":53}},"24":{"start":{"line":74,"column":8},"end":{"line":74,"column":18}},"25":{"start":{"line":78,"column":0},"end":{"line":119,"column":3}},"26":{"start":{"line":79,"column":13},"end":{"line":79,"column":26}},"27":{"start":{"line":80,"column":22},"end":{"line":80,"column":30}},"28":{"start":{"line":81,"column":19},"end":{"line":81,"column":23}},"29":{"start":{"line":83,"column":4},"end":{"line":118,"column":5}},"30":{"start":{"line":84,"column":21},"end":{"line":88,"column":9}},"31":{"start":{"line":90,"column":8},"end":{"line":92,"column":9}},"32":{"start":{"line":91,"column":12},"end":{"line":91,"column":66}},"33":{"start":{"line":94,"column":30},"end":{"line":94,"column":54}},"34":{"start":{"line":96,"column":8},"end":{"line":104,"column":9}},"35":{"start":{"line":97,"column":12},"end":{"line":97,"column":34}},"36":{"start":{"line":99,"column":13},"end":{"line":104,"column":9}},"37":{"start":{"line":100,"column":12},"end":{"line":100,"column":28}},"38":{"start":{"line":103,"column":12},"end":{"line":103,"column":39}},"39":{"start":{"line":106,"column":24},"end":{"line":112,"column":9}},"40":{"start":{"line":114,"column":8},"end":{"line":114,"column":56}},"41":{"start":{"line":117,"column":8},"end":{"line":117,"column":18}},"42":{"start":{"line":121,"column":0},"end":{"line":141,"column":2}},"43":{"start":{"line":122,"column":13},"end":{"line":122,"column":26}},"44":{"start":{"line":124,"column":4},"end":{"line":140,"column":5}},"45":{"start":{"line":125,"column":21},"end":{"line":129,"column":9}},"46":{"start":{"line":131,"column":8},"end":{"line":136,"column":9}},"47":{"start":{"line":132,"column":12},"end":{"line":132,"column":66}},"48":{"start":{"line":135,"column":12},"end":{"line":135,"column":51}},"49":{"start":{"line":139,"column":8},"end":{"line":139,"column":18}},"50":{"start":{"line":143,"column":0},"end":{"line":143,"column":24}}},"fnMap":{"0":{"name":"(anonymous_0)","decl":{"start":{"line":6,"column":16},"end":{"line":6,"column":17}},"loc":{"start":{"line":6,"column":47},"end":{"line":19,"column":1}},"line":6},"1":{"name":"(anonymous_1)","decl":{"start":{"line":21,"column":19},"end":{"line":21,"column":20}},"loc":{"start":{"line":21,"column":50},"end":{"line":57,"column":1}},"line":21},"2":{"name":"(anonymous_2)","decl":{"start":{"line":59,"column":17},"end":{"line":59,"column":18}},"loc":{"start":{"line":59,"column":48},"end":{"line":76,"column":1}},"line":59},"3":{"name":"(anonymous_3)","decl":{"start":{"line":78,"column":19},"end":{"line":78,"column":20}},"loc":{"start":{"line":78,"column":50},"end":{"line":119,"column":1}},"line":78},"4":{"name":"(anonymous_4)","decl":{"start":{"line":121,"column":22},"end":{"line":121,"column":23}},"loc":{"start":{"line":121,"column":53},"end":{"line":141,"column":1}},"line":121}},"branchMap":{"0":{"loc":{"start":{"line":33,"column":8},"end":{"line":52,"column":9}},"type":"if","locations":[{"start":{"line":33,"column":8},"end":{"line":52,"column":9}},{"start":{"line":36,"column":12},"end":{"line":52,"column":9}}],"line":33},"1":{"loc":{"start":{"line":90,"column":8},"end":{"line":92,"column":9}},"type":"if","locations":[{"start":{"line":90,"column":8},"end":{"line":92,"column":9}},{"start":{},"end":{}}],"line":90},"2":{"loc":{"start":{"line":96,"column":8},"end":{"line":104,"column":9}},"type":"if","locations":[{"start":{"line":96,"column":8},"end":{"line":104,"column":9}},{"start":{"line":99,"column":13},"end":{"line":104,"column":9}}],"line":96},"3":{"loc":{"start":{"line":96,"column":12},"end":{"line":96,"column":36}},"type":"binary-expr","locations":[{"start":{"line":96,"column":12},"end":{"line":96,"column":28}},{"start":{"line":96,"column":32},"end":{"line":96,"column":36}}],"line":96},"4":{"loc":{"start":{"line":99,"column":13},"end":{"line":104,"column":9}},"type":"if","locations":[{"start":{"line":99,"column":13},"end":{"line":104,"column":9}},{"start":{"line":102,"column":13},"end":{"line":104,"column":9}}],"line":99},"5":{"loc":{"start":{"line":131,"column":8},"end":{"line":136,"column":9}},"type":"if","locations":[{"start":{"line":131,"column":8},"end":{"line":136,"column":9}},{"start":{"line":134,"column":13},"end":{"line":136,"column":9}}],"line":131}},"s":{"0":1,"1":1,"2":1,"3":1,"4":1,"5":0,"6":0,"7":0,"8":0,"9":1,"10":0,"11":0,"12":0,"13":0,"14":0,"15":0,"16":0,"17":0,"18":0,"19":1,"20":0,"21":0,"22":0,"23":0,"24":0,"25":1,"26":0,"27":0,"28":0,"29":0,"30":0,"31":0,"32":0,"33":0,"34":0,"35":0,"36":0,"37":0,"38":0,"39":0,"40":0,"41":0,"42":1,"43":0,"44":0,"45":0,"46":0,"47":0,"48":0,"49":0,"50":1},"f":{"0":0,"1":0,"2":0,"3":0,"4":0},"b":{"0":[0,0],"1":[0,0],"2":[0,0],"3":[0,0],"4":[0,0],"5":[0,0]},"_coverageSchema":"1a1c01bbd47fc00a2c39e90264f33305004495a9","hash":"ae0e45330174c23bc86efb41d4dc7192eb18c883"}
}
