TN:
SF:app.js
FN:17,(anonymous_0)
FN:24,(anonymous_1)
FNF:2
FNH:1
FNDA:0,(anonymous_0)
FNDA:1,(anonymous_1)
DA:4,2
DA:6,2
DA:7,2
DA:8,2
DA:9,2
DA:11,2
DA:12,2
DA:13,2
DA:17,2
DA:18,0
DA:19,0
DA:24,2
DA:25,1
DA:27,1
DA:34,2
LF:15
LH:13
BRDA:25,0,0,1
BRDA:25,0,1,0
BRF:2
BRH:1
end_of_record
TN:
SF:db.js
FNF:0
FNH:0
DA:3,2
DA:5,2
DA:8,2
DA:16,2
DA:18,2
LF:5
LH:5
BRDA:5,0,0,2
BRDA:5,0,1,0
BRF:2
BRH:1
end_of_record
TN:
SF:expressError.js
FN:8,(anonymous_0)
FNF:1
FNH:1
FNDA:1,(anonymous_0)
DA:9,1
DA:10,1
DA:11,1
DA:12,1
DA:17,2
LF:5
LH:5
BRF:0
BRH:0
end_of_record
TN:
SF:routes/companies.js
FN:6,(anonymous_0)
FN:20,(anonymous_1)
FN:42,(anonymous_2)
FN:52,(anonymous_3)
FN:71,(anonymous_4)
FN:95,(anonymous_5)
FNF:6
FNH:5
FNDA:1,(anonymous_0)
FNDA:1,(anonymous_1)
FNDA:0,(anonymous_2)
FNDA:1,(anonymous_3)
FNDA:2,(anonymous_4)
FNDA:1,(anonymous_5)
DA:1,2
DA:2,2
DA:3,2
DA:4,2
DA:6,2
DA:7,1
DA:8,1
DA:13,1
DA:16,0
DA:20,2
DA:21,1
DA:22,1
DA:23,1
DA:29,1
DA:35,1
DA:36,0
DA:39,1
DA:40,1
DA:42,1
DA:44,1
DA:48,0
DA:52,2
DA:53,1
DA:55,1
DA:56,1
DA:64,1
DA:67,0
DA:71,2
DA:72,2
DA:73,2
DA:75,2
DA:76,2
DA:83,2
DA:84,1
DA:87,1
DA:91,1
DA:95,2
DA:96,1
DA:98,1
DA:99,1
DA:105,1
DA:106,0
DA:109,1
DA:113,0
DA:117,2
LF:45
LH:39
BRDA:35,0,0,0
BRDA:35,0,1,1
BRDA:83,1,0,1
BRDA:83,1,1,1
BRDA:105,2,0,0
BRDA:105,2,1,1
BRF:6
BRH:4
end_of_record
TN:
SF:routes/invoices.js
FN:6,(anonymous_0)
FN:21,(anonymous_1)
FN:59,(anonymous_2)
FN:78,(anonymous_3)
FN:121,(anonymous_4)
FNF:5
FNH:5
FNDA:1,(anonymous_0)
FNDA:1,(anonymous_1)
FNDA:1,(anonymous_2)
FNDA:1,(anonymous_3)
FNDA:1,(anonymous_4)
DA:1,2
DA:2,2
DA:3,2
DA:4,2
DA:6,2
DA:7,1
DA:8,1
DA:14,1
DA:17,0
DA:21,2
DA:22,1
DA:24,1
DA:25,1
DA:33,1
DA:34,0
DA:37,1
DA:38,1
DA:51,1
DA:55,0
DA:59,2
DA:60,1
DA:62,1
DA:63,1
DA:71,1
DA:74,0
DA:78,2
DA:79,1
DA:80,1
DA:81,1
DA:83,1
DA:84,1
DA:90,1
DA:91,0
DA:94,1
DA:96,1
DA:97,0
DA:99,1
DA:100,1
DA:103,0
DA:106,1
DA:114,1
DA:117,0
DA:121,2
DA:122,1
DA:124,1
DA:125,1
DA:131,1
DA:132,0
DA:135,1
DA:139,0
DA:143,2
LF:51
LH:41
BRDA:33,0,0,0
BRDA:33,0,1,1
BRDA:90,1,0,0
BRDA:90,1,1,1
BRDA:96,2,0,0
BRDA:96,2,1,1
BRDA:96,3,0,1
BRDA:96,3,1,1
BRDA:99,4,0,1
BRDA:99,4,1,0
BRDA:131,5,0,0
BRDA:131,5,1,1
BRF:12
BRH:7
end_of_record
